14:52:32.749 [main] DEBUG org.apache.poi.openxml4j.opc.PackageRelationshipCollection {36} - Parsing relationship: /xl/_rels/workbook.xml.rels
14:52:32.755 [main] DEBUG org.apache.poi.openxml4j.opc.PackageRelationshipCollection {36} - Parsing relationship: /xl/worksheets/_rels/sheet1.xml.rels
14:52:32.756 [main] DEBUG org.apache.poi.openxml4j.opc.PackageRelationshipCollection {36} - Parsing relationship: /_rels/.rels
14:52:32.786 [main] DEBUG org.apache.poi.ooxml.POIXMLFactory {36} - using default POIXMLDocumentPart for http://schemas.openxmlformats.org/officeDocument/2006/relationships/printerSettings
14:52:32.818 [main] DEBUG org.apache.poi.openxml4j.opc.PackageRelationshipCollection {36} - Parsing relationship: /xl/_rels/workbook.xml.rels
14:52:32.820 [main] DEBUG org.apache.poi.openxml4j.opc.PackageRelationshipCollection {36} - Parsing relationship: /xl/worksheets/_rels/sheet1.xml.rels
14:52:32.824 [main] DEBUG org.apache.poi.openxml4j.opc.PackageRelationshipCollection {36} - Parsing relationship: /_rels/.rels
14:52:32.843 [main] DEBUG org.apache.poi.ooxml.POIXMLFactory {36} - using default POIXMLDocumentPart for http://schemas.openxmlformats.org/officeDocument/2006/relationships/printerSettings
14:52:32.864 [main] DEBUG org.apache.poi.openxml4j.opc.PackageRelationshipCollection {36} - Parsing relationship: /xl/_rels/workbook.xml.rels
14:52:32.865 [main] DEBUG org.apache.poi.openxml4j.opc.PackageRelationshipCollection {36} - Parsing relationship: /xl/worksheets/_rels/sheet1.xml.rels
14:52:32.867 [main] DEBUG org.apache.poi.openxml4j.opc.PackageRelationshipCollection {36} - Parsing relationship: /_rels/.rels
14:52:32.884 [main] DEBUG org.apache.poi.ooxml.POIXMLFactory {36} - using default POIXMLDocumentPart for http://schemas.openxmlformats.org/officeDocument/2006/relationships/printerSettings
14:52:32.906 [main] DEBUG org.apache.poi.openxml4j.opc.PackageRelationshipCollection {36} - Parsing relationship: /xl/_rels/workbook.xml.rels
14:52:32.908 [main] DEBUG org.apache.poi.openxml4j.opc.PackageRelationshipCollection {36} - Parsing relationship: /xl/worksheets/_rels/sheet1.xml.rels
14:52:32.910 [main] DEBUG org.apache.poi.openxml4j.opc.PackageRelationshipCollection {36} - Parsing relationship: /_rels/.rels
14:52:32.927 [main] DEBUG org.apache.poi.ooxml.POIXMLFactory {36} - using default POIXMLDocumentPart for http://schemas.openxmlformats.org/officeDocument/2006/relationships/printerSettings
14:52:32.955 [main] DEBUG org.apache.poi.openxml4j.opc.PackageRelationshipCollection {36} - Parsing relationship: /xl/_rels/workbook.xml.rels
14:52:32.957 [main] DEBUG org.apache.poi.openxml4j.opc.PackageRelationshipCollection {36} - Parsing relationship: /xl/worksheets/_rels/sheet1.xml.rels
14:52:32.958 [main] DEBUG org.apache.poi.openxml4j.opc.PackageRelationshipCollection {36} - Parsing relationship: /_rels/.rels
14:52:32.975 [main] DEBUG org.apache.poi.ooxml.POIXMLFactory {36} - using default POIXMLDocumentPart for http://schemas.openxmlformats.org/officeDocument/2006/relationships/printerSettings
14:52:33.000 [main] DEBUG org.apache.poi.openxml4j.opc.PackageRelationshipCollection {36} - Parsing relationship: /xl/_rels/workbook.xml.rels
14:52:33.001 [main] DEBUG org.apache.poi.openxml4j.opc.PackageRelationshipCollection {36} - Parsing relationship: /xl/worksheets/_rels/sheet1.xml.rels
14:52:33.005 [main] DEBUG org.apache.poi.openxml4j.opc.PackageRelationshipCollection {36} - Parsing relationship: /_rels/.rels
14:52:33.021 [main] DEBUG org.apache.poi.ooxml.POIXMLFactory {36} - using default POIXMLDocumentPart for http://schemas.openxmlformats.org/officeDocument/2006/relationships/printerSettings
14:52:33.045 [main] DEBUG org.apache.poi.openxml4j.opc.PackageRelationshipCollection {36} - Parsing relationship: /xl/_rels/workbook.xml.rels
14:52:33.047 [main] DEBUG org.apache.poi.openxml4j.opc.PackageRelationshipCollection {36} - Parsing relationship: /xl/worksheets/_rels/sheet1.xml.rels
14:52:33.049 [main] DEBUG org.apache.poi.openxml4j.opc.PackageRelationshipCollection {36} - Parsing relationship: /_rels/.rels
14:52:33.066 [main] DEBUG org.apache.poi.ooxml.POIXMLFactory {36} - using default POIXMLDocumentPart for http://schemas.openxmlformats.org/officeDocument/2006/relationships/printerSettings
14:52:33.195 [main] INFO  testCases.TC003_LoginDDT {36} - **** starting TC003_LoginDDT****
14:52:38.709 [main] INFO  testCases.TC003_LoginDDT {36} - **** Finished TC003_LoginDDT****
14:52:38.725 [main] INFO  testCases.TC003_LoginDDT {36} - **** starting TC003_LoginDDT****
14:52:44.696 [main] INFO  testCases.TC003_LoginDDT {36} - **** Finished TC003_LoginDDT****
14:52:44.712 [main] INFO  testCases.TC003_LoginDDT {36} - **** starting TC003_LoginDDT****
14:52:50.343 [main] INFO  testCases.TC003_LoginDDT {36} - **** Finished TC003_LoginDDT****
14:52:50.446 [main] INFO  testCases.TC003_LoginDDT {36} - **** starting TC003_LoginDDT****
14:53:07.063 [main] INFO  testCases.TC003_LoginDDT {36} - **** Finished TC003_LoginDDT****
