09:18:32.374 [main] INFO  org.testng.internal.Utils {36} - [TestNG] Running:
  C:\Users\Admin\eclipse-workspace\OpencartV121\master.xml

09:21:49.346 [main] DEBUG org.testng.TestNG {36} - suiteXmlPath: "C:\Users\Admin\eclipse-workspace\OpencartV121\master.xml"
09:21:49.893 [main] INFO  org.testng.internal.Utils {36} - [TestNG] Running:
  C:\Users\Admin\eclipse-workspace\OpencartV121\master.xml

08:06:49.549 [main] DEBUG org.testng.TestNG {36} - suiteXmlPath: "C:\Users\Admin\eclipse-workspace\OpencartV121\master.xml"
08:06:50.321 [main] INFO  org.testng.internal.Utils {36} - [TestNG] Running:
  C:\Users\Admin\eclipse-workspace\OpencartV121\master.xml

08:20:54.655 [main] DEBUG org.testng.TestNG {36} - suiteXmlPath: "C:\Users\Admin\eclipse-workspace\OpencartV121\master.xml"
08:20:57.790 [main] INFO  org.testng.internal.Utils {36} - [TestNG] Running:
  C:\Users\Admin\eclipse-workspace\OpencartV121\master.xml

08:21:14.572 [main] INFO  testCases.TC001_AccountRegistrationTest {36} - **** Starting TC001_AccountRegistrationTest ****
08:21:15.724 [main] INFO  testCases.TC001_AccountRegistrationTest {36} - Clicked on MyAccount link
08:21:16.643 [main] INFO  testCases.TC001_AccountRegistrationTest {36} - Clicked on Register link
08:21:16.649 [main] INFO  testCases.TC001_AccountRegistrationTest {36} - Providing customer details....
08:21:24.552 [main] INFO  testCases.TC001_AccountRegistrationTest {36} - Validating expected message..
08:21:24.940 [main] INFO  testCases.TC001_AccountRegistrationTest {36} - **** finished TC001_AccountRegistrationTest ****
08:21:49.093 [main] INFO  testCases.TC002_LoginTest {36} - ****Starting TC_002_LoginTest ****
08:21:57.226 [main] INFO  testCases.TC002_LoginTest {36} - **** Finished TC_002_LoginTest ****
08:41:40.167 [main] DEBUG org.testng.TestNG {36} - suiteXmlPath: "C:\Users\Admin\eclipse-workspace\OpencartV121\grid-docker.xml"
08:41:41.435 [main] INFO  org.testng.internal.Utils {36} - [TestNG] Running:
  C:\Users\Admin\eclipse-workspace\OpencartV121\grid-docker.xml

08:42:02.571 [main] INFO  testCases.TC001_AccountRegistrationTest {36} - **** Starting TC001_AccountRegistrationTest ****
08:42:03.443 [main] INFO  testCases.TC001_AccountRegistrationTest {36} - Clicked on MyAccount link
08:42:04.296 [main] INFO  testCases.TC001_AccountRegistrationTest {36} - Clicked on Register link
08:42:04.320 [main] INFO  testCases.TC001_AccountRegistrationTest {36} - Providing customer details....
08:42:07.493 [main] INFO  testCases.TC001_AccountRegistrationTest {36} - Validating expected message..
08:42:07.626 [main] INFO  testCases.TC001_AccountRegistrationTest {36} - **** finished TC001_AccountRegistrationTest ****
08:42:25.402 [main] INFO  testCases.TC002_LoginTest {36} - ****Starting TC_002_LoginTest ****
08:42:29.775 [main] INFO  testCases.TC002_LoginTest {36} - **** Finished TC_002_LoginTest ****
08:45:56.481 [main] DEBUG org.testng.TestNG {36} - suiteXmlPath: "C:\Users\Admin\eclipse-workspace\OpencartV121\grid-docker.xml"
08:45:58.146 [main] INFO  org.testng.internal.Utils {36} - [TestNG] Running:
  C:\Users\Admin\eclipse-workspace\OpencartV121\grid-docker.xml

08:46:29.654 [main] INFO  testCases.TC001_AccountRegistrationTest {36} - **** Starting TC001_AccountRegistrationTest ****
08:46:30.570 [main] INFO  testCases.TC001_AccountRegistrationTest {36} - Clicked on MyAccount link
08:46:32.151 [main] INFO  testCases.TC001_AccountRegistrationTest {36} - Clicked on Register link
08:46:32.164 [main] INFO  testCases.TC001_AccountRegistrationTest {36} - Providing customer details....
08:46:37.342 [main] INFO  testCases.TC001_AccountRegistrationTest {36} - Validating expected message..
08:46:37.544 [main] INFO  testCases.TC001_AccountRegistrationTest {36} - **** finished TC001_AccountRegistrationTest ****
08:47:15.707 [main] INFO  testCases.TC002_LoginTest {36} - ****Starting TC_002_LoginTest ****
08:47:23.186 [main] INFO  testCases.TC002_LoginTest {36} - **** Finished TC_002_LoginTest ****
08:05:12.233 [main] DEBUG org.testng.TestNG {36} - suiteXmlPath: "C:\Users\Admin\eclipse-workspace\OpencartV121\master.xml"
08:05:31.596 [main] INFO  testCases.TC001_AccountRegistrationTest {36} - **** Starting TC001_AccountRegistrationTest ****
08:05:31.929 [main] INFO  testCases.TC001_AccountRegistrationTest {36} - Clicked on MyAccount link
08:05:33.131 [main] INFO  testCases.TC001_AccountRegistrationTest {36} - Clicked on Register link
08:05:33.191 [main] INFO  testCases.TC001_AccountRegistrationTest {36} - Providing customer details....
08:05:35.959 [main] INFO  testCases.TC001_AccountRegistrationTest {36} - Validating expected message..
08:05:36.089 [main] INFO  testCases.TC001_AccountRegistrationTest {36} - **** finished TC001_AccountRegistrationTest ****
08:05:44.698 [main] INFO  testCases.TC002_LoginTest {36} - ****Starting TC_002_LoginTest ****
08:05:49.594 [main] INFO  testCases.TC002_LoginTest {36} - **** Finished TC_002_LoginTest ****
08:07:10.650 [main] DEBUG org.testng.TestNG {36} - suiteXmlPath: "C:\Users\Admin\eclipse-workspace\OpencartV121\master.xml"
