14:20:22.406 [main] DEBUG org.testng.TestNG {36} - suiteXmlPath: "C:\Users\Admin\eclipse-workspace\OpencartV121\test-output\testng-failed.xml"
14:20:22.910 [main] INFO  org.testng.internal.Utils {36} - [TestNG] Running:
  C:\Users\Admin\eclipse-workspace\OpencartV121\test-output\testng-failed.xml

14:20:31.138 [main] INFO  testCases.TC002_LoginTest {36} - ****Starting TC_002_LoginTest ****
14:20:33.572 [main] INFO  testCases.TC002_LoginTest {36} - **** Finished TC_002_LoginTest ****
14:25:35.029 [main] DEBUG org.testng.TestNG {36} - suiteXmlPath: "C:\Users\Admin\eclipse-workspace\OpencartV121\master.xml"
14:25:35.899 [main] INFO  org.testng.internal.Utils {36} - [TestNG] Running:
  C:\Users\Admin\eclipse-workspace\OpencartV121\master.xml

14:25:51.013 [main] INFO  testCases.TC001_AccountRegistrationTest {36} - **** Starting TC001_AccountRegistrationTest ****
14:25:52.309 [main] INFO  testCases.TC001_AccountRegistrationTest {36} - Clicked on MyAccount link
14:25:53.497 [main] INFO  testCases.TC001_AccountRegistrationTest {36} - Clicked on Register link
14:25:53.512 [main] INFO  testCases.TC001_AccountRegistrationTest {36} - Providing customer details....
14:25:56.804 [main] INFO  testCases.TC001_AccountRegistrationTest {36} - Validating expected message..
14:25:56.969 [main] ERROR testCases.TC001_AccountRegistrationTest {36} - Test failed..
14:25:56.969 [main] DEBUG testCases.TC001_AccountRegistrationTest {36} - Debug logs
14:26:19.346 [main] INFO  testCases.TC002_LoginTest {36} - ****Starting TC_002_LoginTest ****
14:26:30.873 [main] INFO  testCases.TC002_LoginTest {36} - **** Finished TC_002_LoginTest ****
14:27:42.458 [main] DEBUG org.testng.TestNG {36} - suiteXmlPath: "C:\Users\Admin\eclipse-workspace\OpencartV121\master.xml"
14:27:43.192 [main] INFO  org.testng.internal.Utils {36} - [TestNG] Running:
  C:\Users\Admin\eclipse-workspace\OpencartV121\master.xml

14:28:06.260 [main] INFO  testCases.TC001_AccountRegistrationTest {36} - **** Starting TC001_AccountRegistrationTest ****
14:28:06.772 [main] INFO  testCases.TC001_AccountRegistrationTest {36} - Clicked on MyAccount link
14:28:07.666 [main] INFO  testCases.TC001_AccountRegistrationTest {36} - Clicked on Register link
14:28:07.687 [main] INFO  testCases.TC001_AccountRegistrationTest {36} - Providing customer details....
14:28:12.071 [main] INFO  testCases.TC001_AccountRegistrationTest {36} - Validating expected message..
14:28:12.407 [main] ERROR testCases.TC001_AccountRegistrationTest {36} - Test failed..
14:28:12.407 [main] DEBUG testCases.TC001_AccountRegistrationTest {36} - Debug logs
14:28:29.888 [main] INFO  testCases.TC002_LoginTest {36} - ****Starting TC_002_LoginTest ****
14:32:32.857 [main] DEBUG org.testng.TestNG {36} - suiteXmlPath: "C:\Users\Admin\eclipse-workspace\OpencartV121\test-output\testng-failed.xml"
14:32:34.203 [main] INFO  org.testng.internal.Utils {36} - [TestNG] Running:
  C:\Users\Admin\eclipse-workspace\OpencartV121\test-output\testng-failed.xml

14:32:50.618 [main] INFO  testCases.TC001_AccountRegistrationTest {36} - **** Starting TC001_AccountRegistrationTest ****
14:32:52.434 [main] INFO  testCases.TC001_AccountRegistrationTest {36} - Clicked on MyAccount link
14:32:53.783 [main] INFO  testCases.TC001_AccountRegistrationTest {36} - Clicked on Register link
14:32:53.788 [main] INFO  testCases.TC001_AccountRegistrationTest {36} - Providing customer details....
14:32:57.290 [main] INFO  testCases.TC001_AccountRegistrationTest {36} - Validating expected message..
14:32:57.971 [main] INFO  testCases.TC001_AccountRegistrationTest {36} - **** finished TC001_AccountRegistrationTest ****
14:33:16.450 [main] INFO  testCases.TC002_LoginTest {36} - ****Starting TC_002_LoginTest ****
14:33:21.623 [main] INFO  testCases.TC002_LoginTest {36} - **** Finished TC_002_LoginTest ****
09:14:04.125 [main] DEBUG org.testng.TestNG {36} - suiteXmlPath: "C:\Users\Admin\eclipse-workspace\OpencartV121\master.xml"
09:14:06.919 [main] INFO  org.testng.internal.Utils {36} - [TestNG] Running:
  C:\Users\Admin\eclipse-workspace\OpencartV121\master.xml

09:14:27.306 [main] INFO  testCases.TC001_AccountRegistrationTest {36} - **** Starting TC001_AccountRegistrationTest ****
09:14:28.399 [main] INFO  testCases.TC001_AccountRegistrationTest {36} - Clicked on MyAccount link
09:14:29.353 [main] INFO  testCases.TC001_AccountRegistrationTest {36} - Clicked on Register link
09:14:29.404 [main] INFO  testCases.TC001_AccountRegistrationTest {36} - Providing customer details....
09:14:31.778 [main] INFO  testCases.TC001_AccountRegistrationTest {36} - Validating expected message..
09:14:31.887 [main] INFO  testCases.TC001_AccountRegistrationTest {36} - **** finished TC001_AccountRegistrationTest ****
09:14:54.629 [main] INFO  testCases.TC002_LoginTest {36} - ****Starting TC_002_LoginTest ****
09:14:59.912 [main] INFO  testCases.TC002_LoginTest {36} - **** Finished TC_002_LoginTest ****
09:18:31.426 [main] DEBUG org.testng.TestNG {36} - suiteXmlPath: "C:\Users\Admin\eclipse-workspace\OpencartV121\master.xml"
