07:25:24.716 [main] INFO  testCases.TC001_AccountRegistrationTest {36} - **** Starting TC001_AccountRegistrationTest ****
07:25:25.719 [main] INFO  testCases.TC001_AccountRegistrationTest {36} - Clicked on MyAccount link
07:25:26.505 [main] INFO  testCases.TC001_AccountRegistrationTest {36} - Clicked on Register link
07:25:26.512 [main] INFO  testCases.TC001_AccountRegistrationTest {36} - Providing customer details....
07:25:28.779 [main] INFO  testCases.TC001_AccountRegistrationTest {36} - Validating expected message..
07:25:28.864 [main] ERROR testCases.TC001_AccountRegistrationTest {36} - Test failed..
07:25:28.865 [main] DEBUG testCases.TC001_AccountRegistrationTest {36} - Debug logs
07:33:14.825 [main] INFO  testCases.TC001_AccountRegistrationTest {36} - **** Starting TC001_AccountRegistrationTest ****
07:33:16.024 [main] INFO  testCases.TC001_AccountRegistrationTest {36} - Clicked on MyAccount link
07:33:17.524 [main] INFO  testCases.TC001_AccountRegistrationTest {36} - Clicked on Register link
07:33:17.536 [main] INFO  testCases.TC001_AccountRegistrationTest {36} - Providing customer details....
07:33:20.212 [main] INFO  testCases.TC001_AccountRegistrationTest {36} - Validating expected message..
07:33:20.295 [main] INFO  testCases.TC001_AccountRegistrationTest {36} - **** finished TC001_AccountRegistrationTest ****
07:02:47.456 [main] INFO  testCases.TC001_AccountRegistrationTest {36} - **** Starting TC001_AccountRegistrationTest ****
07:02:48.364 [main] INFO  testCases.TC001_AccountRegistrationTest {36} - Clicked on MyAccount link
07:02:49.110 [main] INFO  testCases.TC001_AccountRegistrationTest {36} - Clicked on Register link
07:02:49.122 [main] INFO  testCases.TC001_AccountRegistrationTest {36} - Providing customer details....
07:02:51.326 [main] INFO  testCases.TC001_AccountRegistrationTest {36} - Validating expected message..
07:02:51.402 [main] INFO  testCases.TC001_AccountRegistrationTest {36} - **** finished TC001_AccountRegistrationTest ****
07:03:22.538 [main] INFO  testCases.TC001_AccountRegistrationTest {36} - **** Starting TC001_AccountRegistrationTest ****
07:03:22.806 [main] INFO  testCases.TC001_AccountRegistrationTest {36} - Clicked on MyAccount link
07:03:23.331 [main] INFO  testCases.TC001_AccountRegistrationTest {36} - Clicked on Register link
07:03:23.338 [main] INFO  testCases.TC001_AccountRegistrationTest {36} - Providing customer details....
07:03:25.392 [main] INFO  testCases.TC001_AccountRegistrationTest {36} - Validating expected message..
07:03:25.471 [main] INFO  testCases.TC001_AccountRegistrationTest {36} - **** finished TC001_AccountRegistrationTest ****
07:06:27.732 [main] INFO  testCases.TC001_AccountRegistrationTest {36} - **** Starting TC001_AccountRegistrationTest ****
07:06:28.692 [main] INFO  testCases.TC001_AccountRegistrationTest {36} - Clicked on MyAccount link
07:06:29.576 [main] INFO  testCases.TC001_AccountRegistrationTest {36} - Clicked on Register link
07:06:29.582 [main] INFO  testCases.TC001_AccountRegistrationTest {36} - Providing customer details....
07:06:31.899 [main] INFO  testCases.TC001_AccountRegistrationTest {36} - Validating expected message..
07:06:31.966 [main] INFO  testCases.TC001_AccountRegistrationTest {36} - **** finished TC001_AccountRegistrationTest ****
07:22:04.218 [main] INFO  testCases.TC001_AccountRegistrationTest {36} - **** Starting TC001_AccountRegistrationTest ****
07:22:05.026 [main] INFO  testCases.TC001_AccountRegistrationTest {36} - Clicked on MyAccount link
07:22:05.764 [main] INFO  testCases.TC001_AccountRegistrationTest {36} - Clicked on Register link
07:22:05.786 [main] INFO  testCases.TC001_AccountRegistrationTest {36} - Providing customer details....
07:22:08.328 [main] INFO  testCases.TC001_AccountRegistrationTest {36} - Validating expected message..
07:22:08.408 [main] INFO  testCases.TC001_AccountRegistrationTest {36} - **** finished TC001_AccountRegistrationTest ****
07:22:19.597 [main] INFO  testCases.TC001_AccountRegistrationTest {36} - **** Starting TC001_AccountRegistrationTest ****
07:22:20.764 [main] INFO  testCases.TC001_AccountRegistrationTest {36} - Clicked on MyAccount link
07:22:22.009 [main] INFO  testCases.TC001_AccountRegistrationTest {36} - Clicked on Register link
07:22:22.010 [main] INFO  testCases.TC001_AccountRegistrationTest {36} - Providing customer details....
07:22:24.745 [main] INFO  testCases.TC001_AccountRegistrationTest {36} - Validating expected message..
07:22:24.896 [main] INFO  testCases.TC001_AccountRegistrationTest {36} - **** finished TC001_AccountRegistrationTest ****
07:29:28.957 [TestNG-tests-1] INFO  testCases.TC001_AccountRegistrationTest {36} - **** Starting TC001_AccountRegistrationTest ****
07:29:31.764 [TestNG-tests-1] INFO  testCases.TC001_AccountRegistrationTest {36} - Clicked on MyAccount link
07:29:34.169 [TestNG-tests-2] INFO  testCases.TC001_AccountRegistrationTest {36} - **** Starting TC001_AccountRegistrationTest ****
